<?xml version="1.0" encoding="UTF-8"?>
<!-- Generated by org.testng.reporters.JUnitReportReporter -->
<testsuite hostname="DESKTOP-F4EMPU5" failures="0" tests="1" name="testpackage.Test2" time="0.029" errors="0" timestamp="2025-08-30T20:14:06 IST" skipped="0">
  <testcase classname="testpackage.Test2" name="b" time="0.029"/>
  <system-out/>
</testsuite> <!-- testpackage.Test2 -->
