<?xml version="1.0" encoding="UTF-8"?>
<!-- Generated by org.testng.reporters.JUnitReportReporter -->
<testsuite hostname="DESKTOP-F4EMPU5" failures="0" tests="1" name="testpackage.Test1" time="0.039" errors="0" timestamp="2025-08-30T16:16:23 IST" skipped="0">
  <testcase classname="testpackage.Test1" name="a" time="0.039"/>
  <system-out/>
</testsuite> <!-- testpackage.Test1 -->
