<?xml version="1.0" encoding="UTF-8"?>
<!-- Generated by org.testng.reporters.JUnitReportReporter -->
<testsuite hostname="DESKTOP-F4EMPU5" failures="0" tests="1" name="testpackage.Test1" time="10.739" errors="0" timestamp="2025-08-18T14:08:54 IST" skipped="0">
  <testcase classname="testpackage.Test1" name="a" time="10.739"/>
  <system-out/>
</testsuite> <!-- testpackage.Test1 -->
